#
# There is insufficient memory for the Java Runtime Environment to continue.
# Native memory allocation (mmap) failed to map 1073741824 bytes for Failed to commit area from 0x0000000401400000 to 0x0000000441400000 of length 1073741824.
# Possible reasons:
#   The system is out of physical RAM or swap space
#   The process is running with CompressedOops enabled, and the Java Heap may be blocking the growth of the native heap
# Possible solutions:
#   Reduce memory load on the system
#   Increase physical memory or swap space
#   Check if swap backing store is full
#   Decrease Java heap size (-Xmx/-Xms)
#   Decrease number of Java threads
#   Decrease Java thread stack sizes (-Xss)
#   Set larger code cache with -XX:ReservedCodeCacheSize=
# This output file may be truncated or incomplete.
#
#  Out of Memory Error (c:/BuildAgent/work/5ff2f6c26000d570/src/hotspot/os/windows/os_windows.cpp:3281), pid=28988, tid=17784
#
# JRE version:  (11.0.4+10) (build )
# Java VM: OpenJDK 64-Bit Server VM (11.0.4+10-b304.77, mixed mode, aot, sharing, tiered, compressed oops, g1 gc, windows-amd64)
# No core dump will be written. Minidumps are not enabled by default on client versions of Windows
#

---------------  S U M M A R Y ------------

Command Line: org.jetbrains.git4idea.http.GitAskPassApp Username for 'http://211.232.166.244': 

Host: AMD Ryzen 7 3800XT 8-Core Processor            , 16 cores, 63G,  Windows 10 , 64 bit Build 19041 (10.0.19041.1889)
Time: Tue Oct 11 15:54:20 2022 대한민국 표준시 elapsed time: 0 seconds (0d 0h 0m 0s)

---------------  T H R E A D  ---------------

Current thread (0x000001e0d4c1c800):  JavaThread "Unknown thread" [_thread_in_vm, id=17784, stack(0x00000045a8e00000,0x00000045a8f00000)]

Stack: [0x00000045a8e00000,0x00000045a8f00000]
Native frames: (J=compiled Java code, j=interpreted, Vv=VM code, C=native code)
V  [jvm.dll+0x5db31a]
V  [jvm.dll+0x70c395]
V  [jvm.dll+0x70d8b8]
V  [jvm.dll+0x70df83]
V  [jvm.dll+0x23dbb8]
V  [jvm.dll+0x5d8a74]
V  [jvm.dll+0x5cdb05]
V  [jvm.dll+0x2fa5bb]
V  [jvm.dll+0x2fa52a]
V  [jvm.dll+0x2fa402]
V  [jvm.dll+0x2ff2c6]
V  [jvm.dll+0x347893]
V  [jvm.dll+0x347f96]
V  [jvm.dll+0x347993]
V  [jvm.dll+0x2d4e28]
V  [jvm.dll+0x2d5fd7]
V  [jvm.dll+0x6eb717]
V  [jvm.dll+0x6ecf0c]
V  [jvm.dll+0x354fb9]
V  [jvm.dll+0x6d35be]
V  [jvm.dll+0x3bd673]
V  [jvm.dll+0x3bf9f1]
C  [java.exe+0x3763]
C  [java.exe+0x17a0c]
C  [KERNEL32.DLL+0x17034]
C  [ntdll.dll+0x526a1]


---------------  P R O C E S S  ---------------

Threads class SMR info:
_java_thread_list=0x000001e0d2962420, length=0, elements={
}

Java Threads: ( => current thread )

Other Threads:
  0x000001e0d4c32800 GCTaskThread "GC Thread#0" [stack: 0x00000045a8f00000,0x00000045a9000000] [id=28288]
  0x000001e0d4cf2800 ConcurrentGCThread "G1 Main Marker" [stack: 0x00000045a9000000,0x00000045a9100000] [id=32860]
  0x000001e0d4cf4000 ConcurrentGCThread "G1 Conc#0" [stack: 0x00000045a9100000,0x00000045a9200000] [id=39352]

[error occurred during error reporting (printing all threads), id 0xc0000005, EXCEPTION_ACCESS_VIOLATION (0xc0000005) at pc=0x00007ff847295727]

VM state:not at safepoint (not fully initialized)

VM Mutex/Monitor currently owned by a thread:  ([mutex/lock_event])
[0x000001e0d4c17c00] Heap_lock - owner thread: 0x000001e0d4c1c800

Heap address: 0x0000000401400000, size: 16364 MB, Compressed Oops mode: Non-zero based: 0x0000000401400000
Narrow klass base: 0x0000000000000000, Narrow klass shift: 0

GC Heap History (0 events):
No events

Deoptimization events (0 events):
No events

Classes redefined (0 events):
No events

Internal exceptions (0 events):
No events

Events (0 events):
No events


Dynamic libraries:
0x00007ff7b70c0000 - 0x00007ff7b7107000 	C:\Program Files\JetBrains\IntelliJ IDEA 2019.2.4\jbr\bin\java.exe
0x00007ff8a2270000 - 0x00007ff8a2468000 	C:\WINDOWS\SYSTEM32\ntdll.dll
0x00007ff8676a0000 - 0x00007ff8676b7000 	C:\Program Files\AVG\Antivirus\aswhook.dll
0x00007ff8a0bb0000 - 0x00007ff8a0c6d000 	C:\WINDOWS\System32\KERNEL32.DLL
0x00007ff89fc70000 - 0x00007ff89ff3e000 	C:\WINDOWS\System32\KERNELBASE.dll
0x00007ff8a0c90000 - 0x00007ff8a0e30000 	C:\WINDOWS\System32\USER32.dll
0x00007ff89fba0000 - 0x00007ff89fbc2000 	C:\WINDOWS\System32\win32u.dll
0x00007ff8a1800000 - 0x00007ff8a182a000 	C:\WINDOWS\System32\GDI32.dll
0x00007ff8a0060000 - 0x00007ff8a016b000 	C:\WINDOWS\System32\gdi32full.dll
0x00007ff89fbd0000 - 0x00007ff89fc6d000 	C:\WINDOWS\System32\msvcp_win.dll
0x00007ff89f9e0000 - 0x00007ff89fae0000 	C:\WINDOWS\System32\ucrtbase.dll
0x00007ff88a080000 - 0x00007ff88a31a000 	C:\WINDOWS\WinSxS\amd64_microsoft.windows.common-controls_6595b64144ccf1df_6.0.19041.1110_none_60b5254171f9507e\COMCTL32.dll
0x00007ff8a1e60000 - 0x00007ff8a1efe000 	C:\WINDOWS\System32\msvcrt.dll
0x00007ff8a17c0000 - 0x00007ff8a17f0000 	C:\WINDOWS\System32\IMM32.DLL
0x00007ff89a150000 - 0x00007ff89a167000 	C:\Program Files\JetBrains\IntelliJ IDEA 2019.2.4\jbr\bin\vcruntime140.dll
0x00007ff84ad30000 - 0x00007ff84adcd000 	C:\Program Files\JetBrains\IntelliJ IDEA 2019.2.4\jbr\bin\msvcp140.dll
0x00007ff846fb0000 - 0x00007ff847a68000 	C:\Program Files\JetBrains\IntelliJ IDEA 2019.2.4\jbr\bin\server\jvm.dll
0x00007ff8a1b90000 - 0x00007ff8a1c3e000 	C:\WINDOWS\System32\ADVAPI32.dll
0x00007ff8a0e30000 - 0x00007ff8a0ecc000 	C:\WINDOWS\System32\sechost.dll
0x00007ff8a1cd0000 - 0x00007ff8a1df5000 	C:\WINDOWS\System32\RPCRT4.dll
0x00007ff8a0940000 - 0x00007ff8a0948000 	C:\WINDOWS\System32\PSAPI.DLL
0x00007ff88a7c0000 - 0x00007ff88a7c9000 	C:\WINDOWS\SYSTEM32\WSOCK32.dll
0x00007ff898540000 - 0x00007ff89854a000 	C:\WINDOWS\SYSTEM32\VERSION.dll
0x00007ff8a2010000 - 0x00007ff8a207b000 	C:\WINDOWS\System32\WS2_32.dll
0x00007ff8959b0000 - 0x00007ff8959d7000 	C:\WINDOWS\SYSTEM32\WINMM.dll
0x00007ff89d9f0000 - 0x00007ff89da02000 	C:\WINDOWS\SYSTEM32\kernel.appcore.dll
0x00007ff88ffb0000 - 0x00007ff88ffc1000 	C:\Program Files\JetBrains\IntelliJ IDEA 2019.2.4\jbr\bin\verify.dll
0x00007ff896100000 - 0x00007ff8962e4000 	C:\WINDOWS\SYSTEM32\DBGHELP.DLL
0x00007ff895fd0000 - 0x00007ff895ffc000 	C:\WINDOWS\SYSTEM32\dbgcore.DLL
0x00007ff89fb10000 - 0x00007ff89fb92000 	C:\WINDOWS\System32\bcryptPrimitives.dll
0x00007ff88e7d0000 - 0x00007ff88e7f9000 	C:\Program Files\JetBrains\IntelliJ IDEA 2019.2.4\jbr\bin\java.dll
0x00007ff869770000 - 0x00007ff869787000 	C:\Program Files\JetBrains\IntelliJ IDEA 2019.2.4\jbr\bin\zip.dll
0x00007ff88e7c0000 - 0x00007ff88e7cb000 	C:\Program Files\JetBrains\IntelliJ IDEA 2019.2.4\jbr\bin\jimage.dll

dbghelp: loaded successfully - version: 4.0.5 - missing functions: none
symbol engine: initialized successfully - sym options: 0x614 - pdb path: .;C:\Program Files\JetBrains\IntelliJ IDEA 2019.2.4\jbr\bin;C:\WINDOWS\SYSTEM32;C:\Program Files\AVG\Antivirus;C:\WINDOWS\WinSxS\amd64_microsoft.windows.common-controls_6595b64144ccf1df_6.0.19041.1110_none_60b5254171f9507e;C:\Program Files\JetBrains\IntelliJ IDEA 2019.2.4\jbr\bin\server

VM Arguments:
java_command: org.jetbrains.git4idea.http.GitAskPassApp Username for 'http://211.232.166.244': 
java_class_path (initial): C:/Program Files/JetBrains/IntelliJ IDEA 2019.2.4/plugins/git4idea/lib/git4idea-rt.jar;C:/Program Files/JetBrains/IntelliJ IDEA 2019.2.4/lib/xmlrpc-2.0.1.jar;C:/Program Files/JetBrains/IntelliJ IDEA 2019.2.4/lib/commons-codec-1.13.jar;C:/Program Files/JetBrains/IntelliJ IDEA 2019.2.4/lib/util.jar
Launcher Type: SUN_STANDARD

[Global flags]
     intx CICompilerCount                          = 12                                        {product} {ergonomic}
     uint ConcGCThreads                            = 3                                         {product} {ergonomic}
     uint G1ConcRefinementThreads                  = 13                                        {product} {ergonomic}
   size_t G1HeapRegionSize                         = 4194304                                   {product} {ergonomic}
    uintx GCDrainStackTargetSize                   = 64                                        {product} {ergonomic}
   size_t InitialHeapSize                          = 1073741824                                {product} {ergonomic}
   size_t MarkStackSize                            = 4194304                                   {product} {ergonomic}
   size_t MaxHeapSize                              = 17158897664                               {product} {ergonomic}
   size_t MinHeapDeltaBytes                        = 4194304                                   {product} {ergonomic}
    uintx NonNMethodCodeHeapSize                   = 7591728                                {pd product} {ergonomic}
    uintx NonProfiledCodeHeapSize                  = 122033256                              {pd product} {ergonomic}
    uintx ProfiledCodeHeapSize                     = 122033256                              {pd product} {ergonomic}
    uintx ReservedCodeCacheSize                    = 251658240                              {pd product} {ergonomic}
     bool SegmentedCodeCache                       = true                                      {product} {ergonomic}
     bool UseCompressedClassPointers               = true                                 {lp64_product} {ergonomic}
     bool UseCompressedOops                        = true                                 {lp64_product} {ergonomic}
     bool UseG1GC                                  = true                                      {product} {ergonomic}
     bool UseLargePagesIndividualAllocation        = false                                  {pd product} {ergonomic}

Logging:
Log output configuration:
 #0: stdout all=warning uptime,level,tags
 #1: stderr all=off uptime,level,tags

Environment Variables:
JAVA_HOME=C:\Program Files\Java\jdk1.8.0_261
PATH=C:\Program Files\Git\mingw64\libexec\git-core;C:\Program Files\Git\mingw64\libexec\git-core;C:\Program Files\Git\mingw64\bin;C:\Program Files\Git\usr\bin;C:\Users\raejin\bin;C:\Program Files\Common Files\Oracle\Java\javapath;C:\Python310\Scripts;C:\Python310;C:\Program Files (x86)\Common Files\Oracle\Java\javapath;C:\WINDOWS\system32;C:\WINDOWS;C:\WINDOWS\System32\Wbem;C:\WINDOWS\System32\WindowsPowerShell\v1.0;C:\WINDOWS\System32\OpenSSH;C:\Program Files\TortoiseSVN\bin;C:\Program Files\Microsoft VS Code\bin;C:\Program Files\PuTTY;C:\Program Files\Java\jdk-11.0.13\bin;C:\Program Files (x86)\Microsoft SQL Server\150\DTS\Binn;C:\Program Files\Azure Data Studio\bin;C:\Program Files\Microsoft SQL Server\Client SDK\ODBC\170\Tools\Binn;C:\Program Files (x86)\Microsoft SQL Server\150\Tools\Binn;C:\Program Files\Microsoft SQL Server\150\Tools\Binn;C:\Program Files\Microsoft SQL Server\150\DTS\Binn;C:\Program Files\dotnet;C:\Program Files\nodejs;C:\ProgramData\chocolatey\bin;C:\Program Files\Amazon\AWSCLIV2;C:\Program Files (x86)\NetSarang\Xshell 7;C:\Program Files\Git\cmd;C:\Program Files\Git\cmd\git.exe;C:\TmaxSoft\JEUS8\bin;C:\TmaxSoft\JEUS8\lib\system;C:\TmaxSoft\JEUS8\webserver\bin;C:\Users\raejin\AppData\Local\Microsoft\WindowsApps;C:\Program Files\Azure Data Studio\bin;C:\Program Files\Bandizip;C:\Users\raejin\AppData\Roaming\npm;C:\Program Files (x86)\ESTsoft\ALSee\x64
USERNAME=raejin
DISPLAY=:0.0
OS=Windows_NT
PROCESSOR_IDENTIFIER=AMD64 Family 23 Model 113 Stepping 0, AuthenticAMD



---------------  S Y S T E M  ---------------

OS: Windows 10 , 64 bit Build 19041 (10.0.19041.1889)

CPU:total 16 (initial active 16) (16 cores per cpu, 2 threads per core) family 23 model 113 stepping 0, cmov, cx8, fxsr, mmx, sse, sse2, sse3, ssse3, sse4.1, sse4.2, popcnt, avx, avx2, aes, clmul, mmxext, 3dnowpref, lzcnt, sse4a, ht, tsc, tscinvbit, tscinv, bmi1, bmi2, adx, sha, fma

Memory: 4k page, system-wide physical 65447M (6179M free)
TotalPageFile size 184535M (AvailPageFile size 310M)
current process WorkingSet (physical memory assigned to process): 10M, peak: 10M
current process commit charge ("private bytes"): 71M, peak: 1095M

vm_info: OpenJDK 64-Bit Server VM (11.0.4+10-b304.77) for windows-amd64 JRE (11.0.4+10-b304.77), built on Oct 10 2019 15:02:36 by "" with MS VC++ 14.0 (VS2015)

END.
